<?xml version="1.0" encoding="UTF-8"?>
<!-- Generated by org.testng.reporters.JUnitXMLReporter -->
<testsuite hostname="ip-172-31-20-227" ignored="0" name="Default test" tests="6" failures="0" timestamp="2021-12-08T13:06:26 UTC" time="33.549" errors="0">
  <testcase name="validateHomePage" time="3.106" classname="test.Page_Test"/>
  <testcase name="validateContactPage" time="5.155" classname="test.Page_Test"/>
  <testcase name="validateAboutPage" time="4.139" classname="test.Page_Test"/>
  <testcase name="validateLoginPage" time="4.313" classname="test.Page_Test"/>
  <testcase name="validateView_Products" time="6.348" classname="test.Page_Test"/>
  <testcase name="validateSignUp_Page" time="8.489" classname="test.Page_Test"/>
</testsuite> <!-- Default test -->
